<?xml version="1.0" encoding="UTF-8"?>
<!-- Generated by org.testng.reporters.JUnitReportReporter -->
<testsuite hostname="LAPTOP-9074ECMN" failures="0" tests="1" name="test.TestClass" time="8.657" errors="0" timestamp="2020-07-27T21:40:36 EDT" skipped="0">
  <testcase classname="test.TestClass" name="testing" time="8.657"/>
  <system-out/>
</testsuite> <!-- test.TestClass -->
